<?xml version="1.0" encoding="UTF-8"?>
<!-- Generated by org.testng.reporters.JUnitReportReporter -->
<testsuite skipped="0" hostname="LAPTOP-JVD1LLMC" name="testcases.BookingSearch" tests="9" failures="0" timestamp="2021-11-21T02:38:54 IST" time="0.007" errors="0">
  <testcase name="selectHotel" time="0.000" classname="testcases.BookingSearch"/>
  <system-out/>
  <testcase name="enterGuestinfo" time="0.001" classname="testcases.BookingSearch"/>
  <system-out/>
  <testcase name="enterGuestinfo" time="0.000" classname="testcases.BookingSearch"/>
  <system-out/>
  <testcase name="loadBooking" time="0.000" classname="testcases.BookingSearch"/>
  <system-out/>
  <testcase name="searchHotel" time="0.001" classname="testcases.BookingSearch"/>
  <system-out/>
  <testcase name="searchHotel" time="0.005" classname="testcases.BookingSearch"/>
  <system-out/>
  <testcase name="selectHotel" time="0.000" classname="testcases.BookingSearch"/>
  <system-out/>
  <testcase name="selectHotel" time="0.000" classname="testcases.BookingSearch"/>
  <system-out/>
  <testcase name="enterGuestinfo" time="0.000" classname="testcases.BookingSearch"/>
  <system-out/>
</testsuite> <!-- testcases.BookingSearch -->
