<?xml version="1.0" encoding="UTF-8"?>
<!-- Generated by org.testng.reporters.JUnitReportReporter -->
<testsuite skipped="0" hostname="LAPTOP-JVD1LLMC" name="testcases.PaymentManager" tests="3" failures="0" timestamp="2021-11-21T02:38:54 IST" time="0.002" errors="0">
  <testcase name="makePayment" time="0.000" classname="testcases.PaymentManager"/>
  <system-out/>
  <testcase name="makePayment" time="0.001" classname="testcases.PaymentManager"/>
  <system-out/>
  <testcase name="makePayment" time="0.001" classname="testcases.PaymentManager"/>
  <system-out/>
</testsuite> <!-- testcases.PaymentManager -->
