<?xml version="1.0" encoding="UTF-8"?>
<!-- Generated by org.testng.reporters.JUnitReportReporter -->
<testsuite skipped="0" hostname="LAPTOP-JVD1LLMC" name="testcases.CustomerCommunications" tests="6" failures="0" timestamp="2021-11-21T02:38:54 IST" time="0.006" errors="0">
  <testcase name="checkEmailVerfication" time="0.001" classname="testcases.CustomerCommunications"/>
  <system-out/>
  <testcase name="checkEmailVerfication" time="0.001" classname="testcases.CustomerCommunications"/>
  <system-out/>
  <testcase name="checkMobileVerification" time="0.001" classname="testcases.CustomerCommunications"/>
  <system-out/>
  <testcase name="checkMobileVerification" time="0.001" classname="testcases.CustomerCommunications"/>
  <system-out/>
  <testcase name="checkMobileVerification" time="0.001" classname="testcases.CustomerCommunications"/>
  <system-out/>
  <testcase name="checkEmailVerfication" time="0.001" classname="testcases.CustomerCommunications"/>
  <system-out/>
</testsuite> <!-- testcases.CustomerCommunications -->
